<?xml version="1.0" encoding="UTF-8"?>
<!-- Generated by org.testng.reporters.JUnitXMLReporter -->
<testsuite ignored="0" hostname="DESKTOP-6ETQOV3" failures="1" tests="1" name="Test3" time="13.643" errors="0" timestamp="2020-10-08T00:07:13 SGT">
  <testcase classname="academy.ValidateTitle" name="basePageNavigation" time="11.167">
    <failure type="java.lang.AssertionError" message="expected [fEATURED COURSES] but found [FEATURED COURSES]">
      <![CDATA[java.lang.AssertionError: expected [fEATURED COURSES] but found [FEATURED COURSES]
at academy.ValidateTitle.basePageNavigation(ValidateTitle.java:30)
at java.base/java.util.ArrayList.forEach(ArrayList.java:1541)
... Removed 32 stack frames]]>
    </failure>
  </testcase> <!-- basePageNavigation -->
</testsuite> <!-- Test3 -->
